<?xml version="1.0" encoding="UTF-8"?>
<testsuite xmlns:xsi="http://www.w3.org/2001/XMLSchema-instance" xsi:noNamespaceSchemaLocation="https://maven.apache.org/surefire/maven-surefire-plugin/xsd/surefire-test-report.xsd" name="com.prashanth.service.MovieServiceImplTest" time="0.001" tests="4" errors="0" skipped="0" failures="0">
  <properties>
    <property name="sun.desktop" value="windows"/>
    <property name="awt.toolkit" value="sun.awt.windows.WToolkit"/>
    <property name="java.specification.version" value="11"/>
    <property name="sun.cpu.isalist" value="amd64"/>
    <property name="sonar.login" value="ea6499e1e4ed06516a18e54c6ed222cabbd55ece"/>
    <property name="sun.jnu.encoding" value="Cp1252"/>
    <property name="java.class.path" value="C:\2.SOLIX TECHNOLOGIES\Training session\WEEK-3\assignments\Movie\target\test-classes;C:\2.SOLIX TECHNOLOGIES\Training session\WEEK-3\assignments\Movie\target\classes;C:\Users\Prashanth patel\.m2\repository\junit\junit\4.11\junit-4.11.jar;C:\Users\Prashanth patel\.m2\repository\org\hamcrest\hamcrest-core\1.3\hamcrest-core-1.3.jar;"/>
    <property name="java.vm.vendor" value="Oracle Corporation"/>
    <property name="sun.arch.data.model" value="64"/>
    <property name="user.variant" value=""/>
    <property name="java.vendor.url" value="https://openjdk.java.net/"/>
    <property name="user.timezone" value="Asia/Calcutta"/>
    <property name="java.vm.specification.version" value="11"/>
    <property name="os.name" value="Windows 10"/>
    <property name="sun.java.launcher" value="SUN_STANDARD"/>
    <property name="user.country" value="IN"/>
    <property name="sun.boot.library.path" value="C:\Program Files\Java\jdk-11.0.13\bin"/>
    <property name="sun.java.command" value="C:\Users\PRASHA~1\AppData\Local\Temp\surefire8607201770171987997\surefirebooter11135949614609388836.jar C:\Users\Prashanth patel\AppData\Local\Temp\surefire8607201770171987997 2022-06-04T15-35-29_895-jvmRun1 surefire4626037082748984164tmp surefire_07031637724933975928tmp"/>
    <property name="jdk.debug" value="release"/>
    <property name="surefire.test.class.path" value="C:\2.SOLIX TECHNOLOGIES\Training session\WEEK-3\assignments\Movie\target\test-classes;C:\2.SOLIX TECHNOLOGIES\Training session\WEEK-3\assignments\Movie\target\classes;C:\Users\Prashanth patel\.m2\repository\junit\junit\4.11\junit-4.11.jar;C:\Users\Prashanth patel\.m2\repository\org\hamcrest\hamcrest-core\1.3\hamcrest-core-1.3.jar;"/>
    <property name="sun.cpu.endian" value="little"/>
    <property name="user.home" value="C:\Users\Prashanth patel"/>
    <property name="user.language" value="en"/>
    <property name="java.specification.vendor" value="Oracle Corporation"/>
    <property name="java.version.date" value="2021-10-19"/>
    <property name="java.home" value="C:\Program Files\Java\jdk-11.0.13"/>
    <property name="file.separator" value="\"/>
    <property name="basedir" value="C:\2.SOLIX TECHNOLOGIES\Training session\WEEK-3\assignments\Movie"/>
    <property name="java.vm.compressedOopsMode" value="32-bit"/>
    <property name="line.separator" value="&#10;"/>
    <property name="java.specification.name" value="Java Platform API Specification"/>
    <property name="java.vm.specification.vendor" value="Oracle Corporation"/>
    <property name="java.awt.graphicsenv" value="sun.awt.Win32GraphicsEnvironment"/>
    <property name="surefire.real.class.path" value="C:\Users\PRASHA~1\AppData\Local\Temp\surefire8607201770171987997\surefirebooter11135949614609388836.jar"/>
    <property name="user.script" value=""/>
    <property name="sun.management.compiler" value="HotSpot 64-Bit Tiered Compilers"/>
    <property name="java.runtime.version" value="11.0.13+10-LTS-370"/>
    <property name="user.name" value="Prashanth patel"/>
    <property name="path.separator" value=";"/>
    <property name="os.version" value="10.0"/>
    <property name="java.runtime.name" value="Java(TM) SE Runtime Environment"/>
    <property name="file.encoding" value="Cp1252"/>
    <property name="java.vm.name" value="Java HotSpot(TM) 64-Bit Server VM"/>
    <property name="java.vendor.version" value="18.9"/>
    <property name="localRepository" value="C:\Users\Prashanth patel\.m2\repository"/>
    <property name="java.vendor.url.bug" value="https://bugreport.java.com/bugreport/"/>
    <property name="java.io.tmpdir" value="C:\Users\PRASHA~1\AppData\Local\Temp\"/>
    <property name="java.version" value="11.0.13"/>
    <property name="user.dir" value="C:\2.SOLIX TECHNOLOGIES\Training session\WEEK-3\assignments\Movie"/>
    <property name="os.arch" value="amd64"/>
    <property name="java.vm.specification.name" value="Java Virtual Machine Specification"/>
    <property name="java.awt.printerjob" value="sun.awt.windows.WPrinterJob"/>
    <property name="sun.os.patch.level" value=""/>
    <property name="java.library.path" value="C:\Program Files\Java\jdk-11.0.13\bin;C:\WINDOWS\Sun\Java\bin;C:\WINDOWS\system32;C:\WINDOWS;C:\Python310\Scripts\;C:\Python310\;C:\Program Files\Common Files\Oracle\Java\javapath;C:\WINDOWS\system32;C:\WINDOWS;C:\WINDOWS\System32\Wbem;C:\WINDOWS\System32\WindowsPowerShell\v1.0\;C:\WINDOWS\System32\OpenSSH\;C:\Users\Prashanth patel\Downloads\jdk-11.0.12_windows-x64_bin.zip\jdk-11.0.12\bin;C:\Program Files\Microsoft SQL Server\150\Tools\Binn\;C:\ProgramData\chocolatey\bin;C:\Program Files\Git\cmd;%JAVA_HOME%\bin;C:\Users\Prashanth patel\Downloads\apache-maven-3.8.4-bin\apache-maven-3.8.4\bin;C:\Program Files\nodejs\;C:\Program Files\Java\jdk-11.0.13\bin;C:\Program Files\MySQL\MySQL Shell 8.0\bin\;C:\Users\Prashanth patel\AppData\Local\Microsoft\WindowsApps;C:\Users\Prashanth patel\Documents\Prashanth\IntelliJ IDEA Community Edition 2021.2.3\bin;;C:\ProgramData\Prashanth patel\GitHubDesktop\bin;C:\Program Files\MongoDB\Server\5.0\bin;C:\Users\Prashanth patel\AppData\Roaming\npm;C:\Users\Prashanth patel\AppData\Local\Programs\Microsoft VS Code\bin;C:\Program Files\JetBrains\PyCharm Community Edition 2021.3.3\bin;;C:\Users\Prashanth patel\Downloads\apache-maven-3.8.5-bin\apache-maven-3.8.5\bin;C:\2.SOLIX TECHNOLOGIES\Training session\sonarqube-9.4.0.54424\bin\windows-x86-64;C:\Program Files\Java\jdk-11.0.13\bin;;."/>
    <property name="java.vendor" value="Oracle Corporation"/>
    <property name="java.vm.info" value="mixed mode"/>
    <property name="java.vm.version" value="11.0.13+10-LTS-370"/>
    <property name="sun.io.unicode.encoding" value="UnicodeLittle"/>
    <property name="java.class.version" value="55.0"/>
  </properties>
  <testcase name="GetAllMovieList" classname="com.prashanth.service.MovieServiceImplTest" time="0"/>
  <testcase name="AddMovie" classname="com.prashanth.service.MovieServiceImplTest" time="0"/>
  <testcase name="GetMovieById" classname="com.prashanth.service.MovieServiceImplTest" time="0"/>
  <testcase name="testUpdateMovieDetails" classname="com.prashanth.service.MovieServiceImplTest" time="0"/>
</testsuite>